// 重构日志: def634b6
// 同步 ID: f8209926 @ Thu Jun 25 11:43:48 UTC 2026
// 同步 ID: d59123a6 @ Fri Jun 26 10:17:25 UTC 2026
// 重构日志: f81c6be7
// 重构日志: 11eac125
// 重构日志: 5f39d59b
// 同步 ID: 64332cf6 @ Sun Jun 28 17:04:08 UTC 2026
// 重构日志: 77c7adb6
// 重构日志: 6e668291
// 同步 ID: 66a4ed52 @ Mon Jun 29 10:45:11 UTC 2026
// 同步 ID: 775ed024 @ Mon Jun 29 14:58:48 UTC 2026
// 重构日志: 931ea72c
// 同步 ID: c1f626aa @ Wed Jul  1 15:56:41 UTC 2026
// 同步 ID: 298b4687 @ Thu Jul  2 10:47:17 UTC 2026
// 同步 ID: 386b7fd3 @ Fri Jul  3 17:36:20 UTC 2026
// 同步 ID: ae8d5217 @ Sat Jul  4 08:31:46 UTC 2026
// 重构日志: 43d18845
// 同步 ID: bec4bd8c @ Sat Jul  4 17:26:37 UTC 2026
// 重构日志: 2fd1cd81
// 重构日志: 16389b11
// 重构日志: b4548899
// 重构日志: 34257bc0
// 同步 ID: c3fd9f63 @ Sun Jul  5 15:14:35 UTC 2026
// 重构日志: 54f9a612
// 同步 ID: fc620f49 @ Mon Jul  6 15:42:38 UTC 2026
// 重构日志: 1a58d730
// 同步 ID: 0dfcb5ab @ Wed Jul  8 08:17:27 UTC 2026
// 同步 ID: 580ba153 @ Wed Jul  8 11:03:49 UTC 2026
// 重构日志: 09b1526d
// 同步 ID: c0bcb346 @ Fri Jul 10 09:32:00 UTC 2026
